Determining if the include file pthread.h exists failed with the following output:
Change Dir: D:/Third year Second term/Graphics/labs/lab5/Example3-2/build/CMakeFiles/CMakeTmp

Run Build Command(s):C:/MinGW/bin/mingw32-make.exe -f Makefile cmTC_a621e/fast && C:/MinGW/bin/mingw32-make.exe  -f CMakeFiles\cmTC_a621e.dir\build.make CMakeFiles/cmTC_a621e.dir/build
mingw32-make.exe[1]: Entering directory 'D:/Third year Second term/Graphics/labs/lab5/Example3-2/build/CMakeFiles/CMakeTmp'
Building C object CMakeFiles/cmTC_a621e.dir/CheckIncludeFile.c.obj
C:\MinGW\bin\mingw32-gcc.exe    -o CMakeFiles\cmTC_a621e.dir\CheckIncludeFile.c.obj -c "D:\Third year Second term\Graphics\labs\lab5\Example3-2\build\CMakeFiles\CMakeTmp\CheckIncludeFile.c"
D:\Third year Second term\Graphics\labs\lab5\Example3-2\build\CMakeFiles\CMakeTmp\CheckIncludeFile.c:1:21: fatal error: pthread.h: No such file or directory
 #include <pthread.h>
                     ^
compilation terminated.
CMakeFiles\cmTC_a621e.dir\build.make:76: recipe for target 'CMakeFiles/cmTC_a621e.dir/CheckIncludeFile.c.obj' failed
mingw32-make.exe[1]: *** [CMakeFiles/cmTC_a621e.dir/CheckIncludeFile.c.obj] Error 1
mingw32-make.exe[1]: Leaving directory 'D:/Third year Second term/Graphics/labs/lab5/Example3-2/build/CMakeFiles/CMakeTmp'
Makefile:126: recipe for target 'cmTC_a621e/fast' failed
mingw32-make.exe: *** [cmTC_a621e/fast] Error 2



Determining if the include file dinput.h exists failed with the following output:
Change Dir: D:/Third year Second term/Graphics/labs/lab5/Example3-2/build/CMakeFiles/CMakeTmp

Run Build Command(s):C:/MinGW/bin/mingw32-make.exe -f Makefile cmTC_bf29b/fast && C:/MinGW/bin/mingw32-make.exe  -f CMakeFiles\cmTC_bf29b.dir\build.make CMakeFiles/cmTC_bf29b.dir/build
mingw32-make.exe[1]: Entering directory 'D:/Third year Second term/Graphics/labs/lab5/Example3-2/build/CMakeFiles/CMakeTmp'
Building C object CMakeFiles/cmTC_bf29b.dir/CheckIncludeFile.c.obj
C:\MinGW\bin\mingw32-gcc.exe    -o CMakeFiles\cmTC_bf29b.dir\CheckIncludeFile.c.obj -c "D:\Third year Second term\Graphics\labs\lab5\Example3-2\build\CMakeFiles\CMakeTmp\CheckIncludeFile.c"
D:\Third year Second term\Graphics\labs\lab5\Example3-2\build\CMakeFiles\CMakeTmp\CheckIncludeFile.c:1:20: fatal error: dinput.h: No such file or directory
 #include <dinput.h>
                    ^
compilation terminated.
CMakeFiles\cmTC_bf29b.dir\build.make:76: recipe for target 'CMakeFiles/cmTC_bf29b.dir/CheckIncludeFile.c.obj' failed
mingw32-make.exe[1]: *** [CMakeFiles/cmTC_bf29b.dir/CheckIncludeFile.c.obj] Error 1
mingw32-make.exe[1]: Leaving directory 'D:/Third year Second term/Graphics/labs/lab5/Example3-2/build/CMakeFiles/CMakeTmp'
Makefile:126: recipe for target 'cmTC_bf29b/fast' failed
mingw32-make.exe: *** [cmTC_bf29b/fast] Error 2



Determining if the include file xinput.h exists failed with the following output:
Change Dir: D:/Third year Second term/Graphics/labs/lab5/Example3-2/build/CMakeFiles/CMakeTmp

Run Build Command(s):C:/MinGW/bin/mingw32-make.exe -f Makefile cmTC_5f176/fast && C:/MinGW/bin/mingw32-make.exe  -f CMakeFiles\cmTC_5f176.dir\build.make CMakeFiles/cmTC_5f176.dir/build
mingw32-make.exe[1]: Entering directory 'D:/Third year Second term/Graphics/labs/lab5/Example3-2/build/CMakeFiles/CMakeTmp'
Building C object CMakeFiles/cmTC_5f176.dir/CheckIncludeFile.c.obj
C:\MinGW\bin\mingw32-gcc.exe    -o CMakeFiles\cmTC_5f176.dir\CheckIncludeFile.c.obj -c "D:\Third year Second term\Graphics\labs\lab5\Example3-2\build\CMakeFiles\CMakeTmp\CheckIncludeFile.c"
D:\Third year Second term\Graphics\labs\lab5\Example3-2\build\CMakeFiles\CMakeTmp\CheckIncludeFile.c:1:20: fatal error: xinput.h: No such file or directory
 #include <xinput.h>
                    ^
compilation terminated.
CMakeFiles\cmTC_5f176.dir\build.make:76: recipe for target 'CMakeFiles/cmTC_5f176.dir/CheckIncludeFile.c.obj' failed
mingw32-make.exe[1]: *** [CMakeFiles/cmTC_5f176.dir/CheckIncludeFile.c.obj] Error 1
mingw32-make.exe[1]: Leaving directory 'D:/Third year Second term/Graphics/labs/lab5/Example3-2/build/CMakeFiles/CMakeTmp'
Makefile:126: recipe for target 'cmTC_5f176/fast' failed
mingw32-make.exe: *** [cmTC_5f176/fast] Error 2



Performing C SOURCE FILE Test _GLFW_HAS_64ASLR failed with the following output:
Change Dir: D:/Third year Second term/Graphics/labs/lab5/Example3-2/build/CMakeFiles/CMakeTmp

Run Build Command(s):C:/MinGW/bin/mingw32-make.exe -f Makefile cmTC_a1f25/fast && C:/MinGW/bin/mingw32-make.exe  -f CMakeFiles\cmTC_a1f25.dir\build.make CMakeFiles/cmTC_a1f25.dir/build
mingw32-make.exe[1]: Entering directory 'D:/Third year Second term/Graphics/labs/lab5/Example3-2/build/CMakeFiles/CMakeTmp'
Building C object CMakeFiles/cmTC_a1f25.dir/src.c.obj
C:\MinGW\bin\mingw32-gcc.exe -D_GLFW_HAS_64ASLR  -Wl,--high-entropy-va -o CMakeFiles\cmTC_a1f25.dir\src.c.obj -c "D:\Third year Second term\Graphics\labs\lab5\Example3-2\build\CMakeFiles\CMakeTmp\src.c"
Linking C executable cmTC_a1f25.exe
D:\cmake\cmake-3.23.0-rc3-windows-x86_64\bin\cmake.exe -E cmake_link_script CMakeFiles\cmTC_a1f25.dir\link.txt --verbose=1
D:\cmake\cmake-3.23.0-rc3-windows-x86_64\bin\cmake.exe -E rm -f CMakeFiles\cmTC_a1f25.dir/objects.a
C:\MinGW\bin\ar.exe qc CMakeFiles\cmTC_a1f25.dir/objects.a @CMakeFiles\cmTC_a1f25.dir\objects1.rsp
C:\MinGW\bin\mingw32-gcc.exe  -Wl,--high-entropy-va -Wl,--whole-archive CMakeFiles\cmTC_a1f25.dir/objects.a -Wl,--no-whole-archive -o cmTC_a1f25.exe -Wl,--out-implib,libcmTC_a1f25.dll.a -Wl,--major-image-version,0,--minor-image-version,0 @CMakeFiles\cmTC_a1f25.dir\linklibs.rsp
c:/mingw/bin/../lib/gcc/mingw32/6.3.0/../../../../mingw32/bin/ld.exe: unrecognized option '--high-entropy-va'
c:/mingw/bin/../lib/gcc/mingw32/6.3.0/../../../../mingw32/bin/ld.exe: use the --help option for usage information
collect2.exe: error: ld returned 1 exit status
CMakeFiles\cmTC_a1f25.dir\build.make:99: recipe for target 'cmTC_a1f25.exe' failed
mingw32-make.exe[1]: *** [cmTC_a1f25.exe] Error 1
mingw32-make.exe[1]: Leaving directory 'D:/Third year Second term/Graphics/labs/lab5/Example3-2/build/CMakeFiles/CMakeTmp'
Makefile:126: recipe for target 'cmTC_a1f25/fast' failed
mingw32-make.exe: *** [cmTC_a1f25/fast] Error 2


Source file was:
int main(void) { return 0; }
